<?xml version="1.0" encoding="UTF-8"?>
<!-- Generated by org.testng.reporters.JUnitReportReporter -->
<testsuite hostname="LAPTOP-14SP1ILN" failures="0" tests="1" name="aug17.Demo" time="6.828" errors="0" timestamp="2023-08-17T22:44:46 IST" skipped="0">
  <testcase classname="aug17.Demo" name="checkTitle" time="6.828"/>
</testsuite> <!-- aug17.Demo -->
